0	1	mikrocAVR.exe -MSF -DBG -pATMEGA128 -DL -SSA -O11111114 -fo10 -BOOTSZ4096 -BOOTOP0 -N"C:\Users\asus\Documents\2256006\Micro\my_labs\2256006-CNG336-LabFinal\2256006_final_c\cfinal.mcpav" -SP"C:\Users\Public\Documents\Mikroelektronika\mikroC PRO for AVR\Defs\" -SP"C:\Users\Public\Documents\Mikroelektronika\mikroC PRO for AVR\Uses\lte64kw\" -SP"C:\Users\asus\Documents\2256006\Micro\my_labs\2256006-CNG336-LabFinal\2256006_final_c\" -SP"C:\Users\asus\Documents\2256006\Micro\Public\Documents\Mikroelektronika\mikroC PRO for AVR\Packages\FAT32 Library\Uses\" -SP"C:\Users\asus\Documents\2256006\Micro\Public\Documents\Mikroelektronika\mikroC PRO for AVR\Packages\FT800\Uses\" -SP"C:\Users\asus\Documents\2256006\Micro\Public\Documents\Mikroelektronika\mikroC PRO for AVR\Packages\FT810\Uses\" -SP"C:\Users\asus\Documents\2256006\Micro\Public\Documents\Mikroelektronika\mikroC PRO for AVR\Packages\FT812\Uses\" -SP"C:\Users\Public\Documents\Mikroelektronika\mikroC PRO for AVR\Packages\FAT32 Library\Uses\" -SP"C:\Users\Public\Documents\Mikroelektronika\mikroC PRO for AVR\Packages\FT800\Uses\" -SP"C:\Users\Public\Documents\Mikroelektronika\mikroC PRO for AVR\Packages\FT810\Uses\" -SP"C:\Users\Public\Documents\Mikroelektronika\mikroC PRO for AVR\Packages\FT812\Uses\" -IP"C:\Users\Public\Documents\Mikroelektronika\mikroC PRO for AVR\Uses\lte64kw\" -IP"C:\Users\asus\Documents\2256006\Micro\my_labs\2256006-CNG336-LabFinal\2256006_final_c\" -IP"C:\Users\asus\Documents\2256006\Micro\Public\Documents\Mikroelektronika\mikroC PRO for AVR\Packages\FAT32 Library\Uses\" -IP"C:\Users\asus\Documents\2256006\Micro\Public\Documents\Mikroelektronika\mikroC PRO for AVR\Packages\FT800\Uses\" -IP"C:\Users\asus\Documents\2256006\Micro\Public\Documents\Mikroelektronika\mikroC PRO for AVR\Packages\FT810\Uses\" -IP"C:\Users\asus\Documents\2256006\Micro\Public\Documents\Mikroelektronika\mikroC PRO for AVR\Packages\FT812\Uses\" -IP"C:\Users\Public\Documents\Mikroelektronika\mikroC PRO for AVR\Packages\FAT32 Library\Uses\" -IP"C:\Users\Public\Documents\Mikroelektronika\mikroC PRO for AVR\Packages\FT800\Uses\" -IP"C:\Users\Public\Documents\Mikroelektronika\mikroC PRO for AVR\Packages\FT810\Uses\" -IP"C:\Users\Public\Documents\Mikroelektronika\mikroC PRO for AVR\Packages\FT812\Uses\" "cfinal.c" "__Lib_Math.mcl" "__Lib_MathDouble.mcl" "__Lib_System.mcl" "__Lib_Delays.mcl" "__Lib_CType.mcl" "__Lib_CString.mcl" "__Lib_CStdlib.mcl" "__Lib_CMath.mcl" "__Lib_MemManager.mcl" "__Lib_Conversions.mcl" "__Lib_Sprintf.mcl" "__Lib_Sprinti.mcl" "__Lib_Sprintl.mcl" "__Lib_PrintOut.mcl" "__Lib_Time.mcl" "__Lib_Trigonometry.mcl" "__Lib_Button.mcl" "__Lib_Keypad4x4.mcl" "__Lib_Manchester.mcl" "__Lib_OneWire.mcl" "__Lib_PS2.mcl" "__Lib_Sound.mcl" "__Lib_SoftI2C.mcl" "__Lib_SoftSPI.mcl" "__Lib_SoftUART.mcl" "__Lib_ADC_ref3.mcl" "__Lib_EEPROM_eew.mcl" "__Lib_FLASH_rwe_ext_eio.mcl" "__Lib_PWM_0_presc.mcl" "__Lib_PWM1_2.mcl" "__Lib_PWM16bit.mcl" "__Lib_SPI_b1320_x2.mcl" "__Lib_TWI_eio.mcl" "__Lib_UART_e01_d23.mcl" "__Lib_PortExpander.mcl" "__Lib_CANSPI.mcl" "__Lib_CF.mcl" "__Lib_CFFat16.mcl" "__Lib_GlcdFonts.mcl" "__Lib_Glcd.mcl" "__Lib_LcdConsts.mcl" "__Lib_Lcd.mcl" "__Lib_Mmc.mcl" "__Lib_MmcFat16.mcl" "__Lib_MmcFat16Constants.mcl" "__Lib_RS485.mcl" "__Lib_S1D13700.mcl" "__Lib_T6963C.mcl" "__Lib_SPIGlcd.mcl" "__Lib_SPILcd.mcl" "__Lib_SPILcd8.mcl" "__Lib_SPIT6963C.mcl" "__Lib_TFT.mcl" "__Lib_TFT_Defs.mcl" "__Lib_TFT_16bit.mcl" "__Lib_TFT_16bit_Defs.mcl" "__Lib_TouchPanel_TFT_C.mcl" "__Lib_TouchPanel.mcl" "__Lib_EthEnc28j60.mcl" "__Lib_STMPE610.mcl" "__Lib_EthEnc24j600.mcl" "__Lib_FAT32_Defs_lte.mcl" "__Lib_FAT32_Driver_lte.mcl" "__Lib_FAT32_lte.mcl" "__Lib_FT800_Defs_LTE.mcl" "__Lib_FT800_LTE.mcl" "__Lib_FT810_Defs_LTE.mcl" "__Lib_FT810_LTE.mcl" "__Lib_FT812_Defs_LTE.mcl" "__Lib_FT812_LTE.mcl"	 
warning: 0	1501	Specified search path does not exist: 'C:\Users\asus\Documents\2256006\Micro\Public\Documents\Mikroelektronika\mikroC PRO for AVR\Packages\FAT32 Library\Uses'	 
warning: 0	1501	Specified search path does not exist: 'C:\Users\asus\Documents\2256006\Micro\Public\Documents\Mikroelektronika\mikroC PRO for AVR\Packages\FT800\Uses'	 
warning: 0	1501	Specified search path does not exist: 'C:\Users\asus\Documents\2256006\Micro\Public\Documents\Mikroelektronika\mikroC PRO for AVR\Packages\FT810\Uses'	 
warning: 0	1501	Specified search path does not exist: 'C:\Users\asus\Documents\2256006\Micro\Public\Documents\Mikroelektronika\mikroC PRO for AVR\Packages\FT812\Uses'	 
warning: 0	1502	Specified include path does not exist: 'C:\Users\asus\Documents\2256006\Micro\Public\Documents\Mikroelektronika\mikroC PRO for AVR\Packages\FAT32 Library\Uses'	 
warning: 0	1502	Specified include path does not exist: 'C:\Users\asus\Documents\2256006\Micro\Public\Documents\Mikroelektronika\mikroC PRO for AVR\Packages\FT800\Uses'	 
warning: 0	1502	Specified include path does not exist: 'C:\Users\asus\Documents\2256006\Micro\Public\Documents\Mikroelektronika\mikroC PRO for AVR\Packages\FT810\Uses'	 
warning: 0	1502	Specified include path does not exist: 'C:\Users\asus\Documents\2256006\Micro\Public\Documents\Mikroelektronika\mikroC PRO for AVR\Packages\FT812\Uses'	 
diagnostics: 0	122	Compilation Started	cfinal.c
warning: 32	1508	Implicit conversion of int to ptr	cfinal.c
hint: 0	1004	interrupt handler (start_noise at 0x001E)	cfinal.c
hint: 0	1004	interrupt handler (stop_noise at 0x0014)	cfinal.c
hint: 0	1004	interrupt handler (usart at 0x0024)	cfinal.c
warning: 140	1508	Implicit conversion of int to ptr	cfinal.c
hint: 0	1004	interrupt handler (all_calculations at 0x002A)	cfinal.c
diagnostics: 341	123	Compiled Successfully	cfinal.c
hint: 30	1164	Variable 'i' has been eliminated by optimizer	cfinal.c
diagnostics: 0	127	All files Compiled in 78 ms	 
hint: 0	1144	Used RX (bytes): 30 (94%)   Free RX (bytes): 2 (6%)	Used RX (bytes): 30 (94%)   Free RX (bytes): 2 (6%)
hint: 0	1144	Static RAM (bytes): 372   Dynamic RAM (bytes): 3724	Static RAM (bytes): 372   Dynamic RAM (bytes): 3724
hint: 0	1144	Used ROM (bytes): 4585 (4%)  Free ROM (bytes): 118295 (96%)	Used ROM (bytes): 4585 (4%)  Free ROM (bytes): 118295 (96%)
diagnostics: 0	125	Project Linked Successfully	cfinal.mcpav
diagnostics: 0	128	Linked in 469 ms	 
diagnostics: 0	129	Project 'cfinal.mcpav' completed: 719 ms	 
diagnostics: 0	103	Finished successfully: 20 Haz 2020, 09:11:40	cfinal.mcpav
